C51 COMPILER V6.12  12C5A_AD                                                               08/09/2013 18:58:18 PAGE 1   


C51 COMPILER V6.12, COMPILATION OF MODULE 12C5A_AD
OBJECT MODULE PLACED IN .\12c5a_ad.OBJ
COMPILER INVOKED BY: C:\Keil\C51\BIN\C51.EXE .\12c5a_ad.c DEBUG OBJECTEXTEND

stmt level    source

   1          #include"defines.h"
   2          #include"12c5a_ad.h"
   3          #include"STC_NEW_8051.h"
   4          #include <intrins.h>
   5          void AD_init()
   6          {
   7   1        P1ASF=0x87;//1000 0111..P1^0-P1^2..ADC
   8   1        AUXR1=0x00; 
   9   1        ADC_RES=0;
  10   1        ADC_RESL=0;
  11   1        ADC_CONTR=0xe0;//1110 0000
  12   1      }
  13          uint8 get_ad(uint8 channel)
  14           {
  15   1       	ADC_CONTR=0x88|channel;
  16   1      	_nop_();           //设置ADC_CONTR寄存器后需加4个CPU时钟周期的延时，才能保证值被写入ADC_CONTR寄存器 
  17   1      	_nop_();
  18   1      	_nop_();
  19   1      	_nop_();
  20   1      	while(!(ADC_CONTR&0x10));
  21   1      	ADC_CONTR&=0xe7; 
  22   1      	return ADC_RES;
  23   1       }


MODULE INFORMATION:   STATIC OVERLAYABLE
   CODE SIZE        =     34    ----
   CONSTANT SIZE    =   ----    ----
   XDATA SIZE       =   ----    ----
   PDATA SIZE       =   ----    ----
   DATA SIZE        =   ----    ----
   IDATA SIZE       =   ----    ----
   BIT SIZE         =   ----    ----
END OF MODULE INFORMATION.


C51 COMPILATION COMPLETE.  0 WARNING(S),  0 ERROR(S)
